Using pre-set license
Built from '2020.3/release' branch; Version is '2020.3.2f1 (8fd9074bf66c) revision 9427207'; Using compiler version '192528614'; Build Type 'Release'
OS: 'Windows 10 Pro; OS build 19041.867; Version 2004; 64bit' Language: 'ja' Physical Memory: 16257 MB
BatchMode: 1, IsHumanControllingUs: 0, StartBugReporterOnCrash: 0, Is64bit: 1, IsPro: 0

 COMMAND LINE ARGUMENTS:
D:\Unity\Hub\Editor\2020.3.2f1\Editor\Unity.exe
-adb2
-batchMode
-noUpm
-name
AssetImportWorker3
-projectPath
D:/UnityProjects/PuzzleAction
-logFile
Logs/AssetImportWorker3.log
-srvPort
62317
Successfully changed project path to: D:/UnityProjects/PuzzleAction
D:/UnityProjects/PuzzleAction
Using Asset Import Pipeline V2.
Refreshing native plugins compatible for Editor in 55.17 ms, found 1 plugins.
Preloading 0 native plugins for Editor in 0.00 ms.
Initialize engine version: 2020.3.2f1 (8fd9074bf66c)
[Subsystems] Discovering subsystems at path D:/Unity/Hub/Editor/2020.3.2f1/Editor/Data/Resources/UnitySubsystems
[Subsystems] Discovering subsystems at path D:/UnityProjects/PuzzleAction/Assets
GfxDevice: creating device client; threaded=0
Direct3D:
    Version:  Direct3D 11.0 [level 11.1]
    Renderer: NVIDIA GeForce RTX 2060 (ID=0x1f08)
    Vendor:   
    VRAM:     5980 MB
    Driver:   27.21.14.6093
Initialize mono
Mono path[0] = 'D:/Unity/Hub/Editor/2020.3.2f1/Editor/Data/Managed'
Mono path[1] = 'D:/Unity/Hub/Editor/2020.3.2f1/Editor/Data/MonoBleedingEdge/lib/mono/unityjit'
Mono config path = 'D:/Unity/Hub/Editor/2020.3.2f1/Editor/Data/MonoBleedingEdge/etc'
Using monoOptions --debugger-agent=transport=dt_socket,embedding=1,server=y,suspend=n,address=127.0.0.1:56344
Begin MonoManager ReloadAssembly
Registering precompiled unity dll's ...
Register platform support module: D:/Unity/Hub/Editor/2020.3.2f1/Editor/Data/PlaybackEngines/WebGLSupport/UnityEditor.WebGL.Extensions.dll
Register platform support module: D:/Unity/Hub/Editor/2020.3.2f1/Editor/Data/PlaybackEngines/WindowsStandaloneSupport/UnityEditor.WindowsStandalone.Extensions.dll
Registered in 0.001056 seconds.
Native extension for WindowsStandalone target not found
Native extension for WebGL target not found
Refreshing native plugins compatible for Editor in 42.23 ms, found 1 plugins.
Preloading 0 native plugins for Editor in 0.00 ms.
Invoked RoslynAnalysisRunner static constructor.
RoslynAnalysisRunner will not be running.
RoslynAnalysisRunner has terminated.
Mono: successfully reloaded assembly
- Completed reload, in 14.049 seconds
Platform modules already initialized, skipping
Registering precompiled user dll's ...
Registered in 0.011146 seconds.
Begin MonoManager ReloadAssembly
Error: Could not load signature of PListProcessor:GetSKAdNetworkItemsArray due to: Could not load file or assembly 'UnityEditor.iOS.Extensions.Xcode, Version=1.0.0.0, Culture=neutral, PublicKeyToken=null' or one of its dependencies. assembly:UnityEditor.iOS.Extensions.Xcode, Version=1.0.0.0, Culture=neutral, PublicKeyToken=null type:<unknown type> member:(null) signature:<none>

Unloading broken assembly Library/ScriptAssemblies/GoogleMobileAds.Editor.dll, this assembly can cause crashes in the runtime

Native extension for WindowsStandalone target not found
Native extension for WebGL target not found
Refreshing native plugins compatible for Editor in 0.80 ms, found 1 plugins.
Preloading 0 native plugins for Editor in 0.00 ms.
UnityIAP: [InitializeOnLoad] Facebook Check
UnityIAP: Runtime [2020.3.2f1]
UnityIAP: Current Build is iPhone:StandaloneWindows
UnityIAP: stub FacebookStore.dll disabled
Invoked RoslynAnalysisRunner static constructor.
RoslynAnalysisRunner will not be running.
RoslynAnalysisRunner has terminated.
Mono: successfully reloaded assembly
- Completed reload, in  0.964 seconds
Platform modules already initialized, skipping
========================================================================
Worker process is ready to serve import requests
Launched and connected shader compiler UnityShaderCompiler.exe after 0.11 seconds
Refreshing native plugins compatible for Editor in 0.81 ms, found 1 plugins.
Preloading 0 native plugins for Editor in 0.00 ms.
Unloading 1590 Unused Serialized files (Serialized files now loaded: 0)
System memory in use before: 152.7 MB.
System memory in use after: 152.7 MB.

Unloading 82 unused Assets to reduce memory usage. Loaded Objects now: 2076.
Total: 4.935700 ms (FindLiveObjects: 0.229900 ms CreateObjectMapping: 0.291500 ms MarkObjects: 4.273200 ms  DeleteObjects: 0.139300 ms)

========================================================================
Received Import Request.
  path: Assets/GenShinGothic-P-Heavy SDF.asset
  artifactKey: Guid(409791c2dc930504f89601672d31e3dc) Importer(815301076,1909f56bfc062723c751e8b465ee728b)
Start importing Assets/GenShinGothic-P-Heavy SDF.asset using Guid(409791c2dc930504f89601672d31e3dc) Importer(815301076,1909f56bfc062723c751e8b465ee728b)  -> (artifact id: '8a5047843a01f4e98dce22a1d0fb37d3') in 1.203736 seconds
  Import took 1.211135 seconds .

========================================================================
Received Import Request.
  Time since last request: 28.971943 seconds.
  path: Assets/GenShinGothic-P-Heavy SDF.asset
  artifactKey: Guid(409791c2dc930504f89601672d31e3dc) Importer(815301076,1909f56bfc062723c751e8b465ee728b)
Start importing Assets/GenShinGothic-P-Heavy SDF.asset using Guid(409791c2dc930504f89601672d31e3dc) Importer(815301076,1909f56bfc062723c751e8b465ee728b)  -> (artifact id: 'abf927b5c9b07269f3e4a1884cbdd538') in 0.021206 seconds
  Import took 0.032696 seconds .

