Using pre-set license
Built from '2020.3/release' branch; Version is '2020.3.2f1 (8fd9074bf66c) revision 9427207'; Using compiler version '192528614'; Build Type 'Release'
OS: 'Windows 10 Pro; OS build 19041.867; Version 2004; 64bit' Language: 'ja' Physical Memory: 16257 MB
BatchMode: 1, IsHumanControllingUs: 0, StartBugReporterOnCrash: 0, Is64bit: 1, IsPro: 0

 COMMAND LINE ARGUMENTS:
D:\Unity\Hub\Editor\2020.3.2f1\Editor\Unity.exe
-adb2
-batchMode
-noUpm
-name
AssetImportWorker0
-projectPath
D:/UnityProjects/PuzzleAction
-logFile
Logs/AssetImportWorker0.log
-srvPort
58407
Successfully changed project path to: D:/UnityProjects/PuzzleAction
D:/UnityProjects/PuzzleAction
Using Asset Import Pipeline V2.
Refreshing native plugins compatible for Editor in 36.14 ms, found 1 plugins.
Preloading 0 native plugins for Editor in 0.00 ms.
Initialize engine version: 2020.3.2f1 (8fd9074bf66c)
[Subsystems] Discovering subsystems at path D:/Unity/Hub/Editor/2020.3.2f1/Editor/Data/Resources/UnitySubsystems
[Subsystems] Discovering subsystems at path D:/UnityProjects/PuzzleAction/Assets
GfxDevice: creating device client; threaded=0
Direct3D:
    Version:  Direct3D 11.0 [level 11.1]
    Renderer: NVIDIA GeForce RTX 2060 (ID=0x1f08)
    Vendor:   
    VRAM:     5980 MB
    Driver:   27.21.14.6093
Initialize mono
Mono path[0] = 'D:/Unity/Hub/Editor/2020.3.2f1/Editor/Data/Managed'
Mono path[1] = 'D:/Unity/Hub/Editor/2020.3.2f1/Editor/Data/MonoBleedingEdge/lib/mono/unityjit'
Mono config path = 'D:/Unity/Hub/Editor/2020.3.2f1/Editor/Data/MonoBleedingEdge/etc'
Using monoOptions --debugger-agent=transport=dt_socket,embedding=1,server=y,suspend=n,address=127.0.0.1:56740
Begin MonoManager ReloadAssembly
Registering precompiled unity dll's ...
Register platform support module: D:/Unity/Hub/Editor/2020.3.2f1/Editor/Data/PlaybackEngines/WindowsStandaloneSupport/UnityEditor.WindowsStandalone.Extensions.dll
Registered in 0.000846 seconds.
Native extension for WindowsStandalone target not found
Refreshing native plugins compatible for Editor in 35.84 ms, found 1 plugins.
Preloading 0 native plugins for Editor in 0.00 ms.
Invoked RoslynAnalysisRunner static constructor.
RoslynAnalysisRunner will not be running.
RoslynAnalysisRunner has terminated.
Mono: successfully reloaded assembly
- Completed reload, in  1.595 seconds
Platform modules already initialized, skipping
Registering precompiled user dll's ...
Registered in 0.004970 seconds.
Begin MonoManager ReloadAssembly
Native extension for WindowsStandalone target not found
Refreshing native plugins compatible for Editor in 0.43 ms, found 1 plugins.
Preloading 0 native plugins for Editor in 0.00 ms.
Invoked RoslynAnalysisRunner static constructor.
RoslynAnalysisRunner will not be running.
RoslynAnalysisRunner has terminated.
Mono: successfully reloaded assembly
- Completed reload, in  0.785 seconds
Platform modules already initialized, skipping
========================================================================
Worker process is ready to serve import requests
Launched and connected shader compiler UnityShaderCompiler.exe after 0.03 seconds
Refreshing native plugins compatible for Editor in 0.44 ms, found 1 plugins.
Preloading 0 native plugins for Editor in 0.00 ms.
Unloading 1372 Unused Serialized files (Serialized files now loaded: 0)
System memory in use before: 146.2 MB.
System memory in use after: 146.2 MB.

Unloading 27 unused Assets to reduce memory usage. Loaded Objects now: 1843.
Total: 1.545100 ms (FindLiveObjects: 0.147500 ms CreateObjectMapping: 0.052600 ms MarkObjects: 1.263300 ms  DeleteObjects: 0.080700 ms)

========================================================================
Received Import Request.
  path: Assets/Scenes/Stage18.unity
  artifactKey: Guid(5722542a334115440b9fd273053fea65) Importer(815301076,1909f56bfc062723c751e8b465ee728b)
Start importing Assets/Scenes/Stage18.unity using Guid(5722542a334115440b9fd273053fea65) Importer(815301076,1909f56bfc062723c751e8b465ee728b)  -> (artifact id: '77770af4be2d32300a460fa26a476569') in 0.013046 seconds
  Import took 0.015152 seconds .

========================================================================
Received Import Request.
  Time since last request: 12.461384 seconds.
  path: Assets/Scenes/Stage9.unity
  artifactKey: Guid(fe1abab9cf146e240b250c1663011de1) Importer(815301076,1909f56bfc062723c751e8b465ee728b)
Start importing Assets/Scenes/Stage9.unity using Guid(fe1abab9cf146e240b250c1663011de1) Importer(815301076,1909f56bfc062723c751e8b465ee728b)  -> (artifact id: 'fa57d098d854f71fade21a14d3c989e0') in 0.005410 seconds
  Import took 0.032991 seconds .

========================================================================
Received Import Request.
  Time since last request: 8.157939 seconds.
  path: Assets/Scenes/Stage3.unity
  artifactKey: Guid(e03914fbd385b2341a0a282c9a3df86c) Importer(815301076,1909f56bfc062723c751e8b465ee728b)
Start importing Assets/Scenes/Stage3.unity using Guid(e03914fbd385b2341a0a282c9a3df86c) Importer(815301076,1909f56bfc062723c751e8b465ee728b)  -> (artifact id: '70474ea8177bb22423ef9ce1d31dc8ff') in 0.005421 seconds
  Import took 0.007359 seconds .

========================================================================
Received Import Request.
  Time since last request: 79.595407 seconds.
  path: Assets/Prefabs/N-Plant.prefab
  artifactKey: Guid(8d58850c6ee081b47bfd1991314049d2) Importer(815301076,1909f56bfc062723c751e8b465ee728b)
Start importing Assets/Prefabs/N-Plant.prefab using Guid(8d58850c6ee081b47bfd1991314049d2) Importer(815301076,1909f56bfc062723c751e8b465ee728b)  -> (artifact id: 'cf6365121d31a28081f24402d30cff57') in 0.695824 seconds
  Import took 0.698874 seconds .

========================================================================
Received Import Request.
  Time since last request: 0.000214 seconds.
  path: Assets/Prefabs/Plant.prefab
  artifactKey: Guid(fdd4492a0906a484ba707f7be86fdb01) Importer(815301076,1909f56bfc062723c751e8b465ee728b)
Start importing Assets/Prefabs/Plant.prefab using Guid(fdd4492a0906a484ba707f7be86fdb01) Importer(815301076,1909f56bfc062723c751e8b465ee728b)  -> (artifact id: 'bae56b2a16ff10bc6721a7ccafd05ef1') in 0.057369 seconds
  Import took 0.060172 seconds .

========================================================================
Received Import Request.
  Time since last request: 0.000186 seconds.
  path: Assets/Prefabs/N-Turtle.prefab
  artifactKey: Guid(5c0f8e8373175a749a07412a2eb36a5b) Importer(815301076,1909f56bfc062723c751e8b465ee728b)
Start importing Assets/Prefabs/N-Turtle.prefab using Guid(5c0f8e8373175a749a07412a2eb36a5b) Importer(815301076,1909f56bfc062723c751e8b465ee728b)  -> (artifact id: 'b3805022de73dfdcf695687ef72a105e') in 0.116501 seconds
  Import took 0.119428 seconds .

========================================================================
Received Import Request.
  Time since last request: 0.000258 seconds.
  path: Assets/Prefabs/Turtle.prefab
  artifactKey: Guid(4f19e78a59b20d641a81a3f9e39a6fb8) Importer(815301076,1909f56bfc062723c751e8b465ee728b)
Start importing Assets/Prefabs/Turtle.prefab using Guid(4f19e78a59b20d641a81a3f9e39a6fb8) Importer(815301076,1909f56bfc062723c751e8b465ee728b)  -> (artifact id: '975924234ff0853956644320bdc7f8c1') in 0.067932 seconds
  Import took 0.090602 seconds .

========================================================================
Received Import Request.
  Time since last request: 19.240441 seconds.
  path: Assets/Prefabs/N-Dragon.prefab
  artifactKey: Guid(ee614b075d8aac64893cd3784c2acf78) Importer(815301076,1909f56bfc062723c751e8b465ee728b)
Start importing Assets/Prefabs/N-Dragon.prefab using Guid(ee614b075d8aac64893cd3784c2acf78) Importer(815301076,1909f56bfc062723c751e8b465ee728b)  -> (artifact id: 'bfd00220916e3e27b4ac0afe662bcf91') in 0.163607 seconds
  Import took 0.167210 seconds .

========================================================================
Received Import Request.
  Time since last request: 166.401160 seconds.
  path: Assets/Animators/TurtleController.controller
  artifactKey: Guid(3a68a8269b86b7f4f817bbe51258bb20) Importer(815301076,1909f56bfc062723c751e8b465ee728b)
Start importing Assets/Animators/TurtleController.controller using Guid(3a68a8269b86b7f4f817bbe51258bb20) Importer(815301076,1909f56bfc062723c751e8b465ee728b)  -> (artifact id: '25180abdb10f4ce57ebb727216375816') in 0.020181 seconds
  Import took 0.046512 seconds .

========================================================================
Received Prepare
Registering precompiled user dll's ...
Registered in 0.005085 seconds.
Begin MonoManager ReloadAssembly
Native extension for WindowsStandalone target not found
Refreshing native plugins compatible for Editor in 0.44 ms, found 1 plugins.
Preloading 0 native plugins for Editor in 0.00 ms.
Invoked RoslynAnalysisRunner static constructor.
RoslynAnalysisRunner will not be running.
RoslynAnalysisRunner has terminated.
Mono: successfully reloaded assembly
- Completed reload, in  0.722 seconds
Platform modules already initialized, skipping
Switching build target platform(5) subTarget(0) extendedPlatform(0) -> platform(9) subTarget(16777218) extendedPlatform(0)
Refreshing native plugins compatible for Editor in 0.54 ms, found 1 plugins.
Preloading 0 native plugins for Editor in 0.00 ms.
Unloading 1326 Unused Serialized files (Serialized files now loaded: 0)
System memory in use before: 158.8 MB.
System memory in use after: 158.9 MB.

Unloading 22 unused Assets to reduce memory usage. Loaded Objects now: 1855.
Total: 1.749800 ms (FindLiveObjects: 0.153700 ms CreateObjectMapping: 0.048200 ms MarkObjects: 1.489000 ms  DeleteObjects: 0.057900 ms)

AssetImportParameters requested are different than current active one (requested -> active):
  custom:graphics/normal-map-encoding: 01000000000000000000000000000000 -> 02000000000000000000000000000000
========================================================================
Received Prepare
Registering precompiled user dll's ...
Registered in 0.004851 seconds.
Begin MonoManager ReloadAssembly
Native extension for WindowsStandalone target not found
Refreshing native plugins compatible for Editor in 0.45 ms, found 1 plugins.
Preloading 0 native plugins for Editor in 0.00 ms.
Invoked RoslynAnalysisRunner static constructor.
RoslynAnalysisRunner will not be running.
RoslynAnalysisRunner has terminated.
Mono: successfully reloaded assembly
- Completed reload, in  0.706 seconds
Platform modules already initialized, skipping
Switching build target platform(5) subTarget(0) extendedPlatform(0) -> platform(9) subTarget(16777218) extendedPlatform(0)
Refreshing native plugins compatible for Editor in 0.57 ms, found 1 plugins.
Preloading 0 native plugins for Editor in 0.00 ms.
Unloading 1326 Unused Serialized files (Serialized files now loaded: 0)
System memory in use before: 158.9 MB.
System memory in use after: 158.9 MB.

Unloading 22 unused Assets to reduce memory usage. Loaded Objects now: 1858.
Total: 1.836200 ms (FindLiveObjects: 0.162600 ms CreateObjectMapping: 0.051100 ms MarkObjects: 1.549100 ms  DeleteObjects: 0.071300 ms)

AssetImportParameters requested are different than current active one (requested -> active):
  custom:graphics/normal-map-encoding: 01000000000000000000000000000000 -> 02000000000000000000000000000000
========================================================================
Received Prepare
Registering precompiled user dll's ...
Registered in 0.004619 seconds.
Begin MonoManager ReloadAssembly
Native extension for WindowsStandalone target not found
Refreshing native plugins compatible for Editor in 0.44 ms, found 1 plugins.
Preloading 0 native plugins for Editor in 0.00 ms.
Invoked RoslynAnalysisRunner static constructor.
RoslynAnalysisRunner will not be running.
RoslynAnalysisRunner has terminated.
Mono: successfully reloaded assembly
- Completed reload, in  0.738 seconds
Platform modules already initialized, skipping
Switching build target platform(5) subTarget(0) extendedPlatform(0) -> platform(9) subTarget(16777218) extendedPlatform(0)
Refreshing native plugins compatible for Editor in 0.46 ms, found 1 plugins.
Preloading 0 native plugins for Editor in 0.00 ms.
Unloading 1326 Unused Serialized files (Serialized files now loaded: 0)
System memory in use before: 158.9 MB.
System memory in use after: 158.9 MB.

Unloading 22 unused Assets to reduce memory usage. Loaded Objects now: 1861.
Total: 1.704700 ms (FindLiveObjects: 0.150900 ms CreateObjectMapping: 0.048300 ms MarkObjects: 1.440400 ms  DeleteObjects: 0.063400 ms)

AssetImportParameters requested are different than current active one (requested -> active):
  custom:graphics/normal-map-encoding: 01000000000000000000000000000000 -> 02000000000000000000000000000000
========================================================================
Received Prepare
Registering precompiled user dll's ...
Registered in 0.004912 seconds.
Begin MonoManager ReloadAssembly
Native extension for WindowsStandalone target not found
Refreshing native plugins compatible for Editor in 0.44 ms, found 1 plugins.
Preloading 0 native plugins for Editor in 0.00 ms.
Invoked RoslynAnalysisRunner static constructor.
RoslynAnalysisRunner will not be running.
RoslynAnalysisRunner has terminated.
Mono: successfully reloaded assembly
- Completed reload, in  0.721 seconds
Platform modules already initialized, skipping
Switching build target platform(5) subTarget(0) extendedPlatform(0) -> platform(9) subTarget(16777218) extendedPlatform(0)
Refreshing native plugins compatible for Editor in 0.44 ms, found 1 plugins.
Preloading 0 native plugins for Editor in 0.00 ms.
Unloading 1326 Unused Serialized files (Serialized files now loaded: 0)
System memory in use before: 158.9 MB.
System memory in use after: 159.0 MB.

Unloading 22 unused Assets to reduce memory usage. Loaded Objects now: 1864.
Total: 1.679000 ms (FindLiveObjects: 0.135700 ms CreateObjectMapping: 0.039200 ms MarkObjects: 1.447100 ms  DeleteObjects: 0.056300 ms)

AssetImportParameters requested are different than current active one (requested -> active):
  custom:graphics/normal-map-encoding: 01000000000000000000000000000000 -> 02000000000000000000000000000000
========================================================================
Received Prepare
Registering precompiled user dll's ...
Registered in 0.004632 seconds.
Begin MonoManager ReloadAssembly
Native extension for WindowsStandalone target not found
Refreshing native plugins compatible for Editor in 0.44 ms, found 1 plugins.
Preloading 0 native plugins for Editor in 0.00 ms.
Invoked RoslynAnalysisRunner static constructor.
RoslynAnalysisRunner will not be running.
RoslynAnalysisRunner has terminated.
Mono: successfully reloaded assembly
- Completed reload, in  0.729 seconds
Platform modules already initialized, skipping
Switching build target platform(5) subTarget(0) extendedPlatform(0) -> platform(9) subTarget(16777218) extendedPlatform(0)
Refreshing native plugins compatible for Editor in 0.49 ms, found 1 plugins.
Preloading 0 native plugins for Editor in 0.00 ms.
Unloading 1326 Unused Serialized files (Serialized files now loaded: 0)
System memory in use before: 158.8 MB.
System memory in use after: 158.9 MB.

Unloading 22 unused Assets to reduce memory usage. Loaded Objects now: 1867.
Total: 1.852700 ms (FindLiveObjects: 0.147300 ms CreateObjectMapping: 0.041000 ms MarkObjects: 1.587900 ms  DeleteObjects: 0.075700 ms)

AssetImportParameters requested are different than current active one (requested -> active):
  custom:graphics/normal-map-encoding: 01000000000000000000000000000000 -> 02000000000000000000000000000000
========================================================================
Received Prepare
Registering precompiled user dll's ...
Registered in 0.004564 seconds.
Begin MonoManager ReloadAssembly
Native extension for WindowsStandalone target not found
Refreshing native plugins compatible for Editor in 0.45 ms, found 1 plugins.
Preloading 0 native plugins for Editor in 0.00 ms.
Invoked RoslynAnalysisRunner static constructor.
RoslynAnalysisRunner will not be running.
RoslynAnalysisRunner has terminated.
Mono: successfully reloaded assembly
- Completed reload, in  0.713 seconds
Platform modules already initialized, skipping
Switching build target platform(5) subTarget(0) extendedPlatform(0) -> platform(9) subTarget(16777218) extendedPlatform(0)
Refreshing native plugins compatible for Editor in 0.48 ms, found 1 plugins.
Preloading 0 native plugins for Editor in 0.00 ms.
Unloading 1326 Unused Serialized files (Serialized files now loaded: 0)
System memory in use before: 158.8 MB.
System memory in use after: 158.9 MB.

Unloading 22 unused Assets to reduce memory usage. Loaded Objects now: 1870.
Total: 1.663500 ms (FindLiveObjects: 0.176600 ms CreateObjectMapping: 0.048700 ms MarkObjects: 1.365200 ms  DeleteObjects: 0.071900 ms)

AssetImportParameters requested are different than current active one (requested -> active):
  custom:graphics/normal-map-encoding: 01000000000000000000000000000000 -> 02000000000000000000000000000000
AssetImportWorkerClient::OnTransportError - code=2 error=End of file
